-------- Age Statistics --------
(0, 20)         9       1.223%
[20, 30]        600     81.522%
(30, +∞)        127     17.255%

-------- Positions Statistics --------
Midfielder      268     36.413%
Défenseur       1       0.136%
Defender        236     32.065%
Goalie  96      13.043%
Forward 135     18.342%

-------- Oldest Names --------
Faryd   42
Mondragon       42

-------- Youngest Names --------
Fabrice 18
Olinga  18
Luke    18
Shaw    18

-------- Longest Names --------
Francisco Javier Rodriguez
Lazaros Christodoulopoulos
Liassine Cadamuro-Bentaeba      26

-------- Shortest Names --------
Jô      2